# JRE version: OpenJDK Runtime Environment (11.0.13) (build 11.0.13+0-b1751.21-8125866)
# Java VM: OpenJDK 64-Bit Server VM (11.0.13+0-b1751.21-8125866, mixed mode, tiered, compressed oops, g1 gc, windows-amd64)
Heap:
 garbage-first heap   total 157696K, used 80762K [0x0000000080000000, 0x0000000100000000)
  region size 1024K, 17 young (17408K), 6 survivors (6144K)
 Metaspace       used 80971K, capacity 82779K, committed 82984K, reserved 1122304K
  class space    used 10431K, capacity 11121K, committed 11244K, reserved 1048576K
GC Heap History (20 events):
Event: 6.895 GC heap before
{Heap before GC invocations=8 (full 0):
 garbage-first heap   total 131072K, used 89852K [0x0000000080000000, 0x0000000100000000)
  region size 1024K, 71 young (72704K), 8 survivors (8192K)
 Metaspace       used 40006K, capacity 40965K, committed 41296K, reserved 1085440K
  class space    used 5061K, capacity 5409K, committed 5536K, reserved 1048576K
}
Event: 6.907 GC heap after
{Heap after GC invocations=9 (full 0):
 garbage-first heap   total 131072K, used 28363K [0x0000000080000000, 0x0000000100000000)
  region size 1024K, 9 young (9216K), 9 survivors (9216K)
 Metaspace       used 40006K, capacity 40965K, committed 41296K, reserved 1085440K
  class space    used 5061K, capacity 5409K, committed 5536K, reserved 1048576K
}
Event: 7.761 GC heap before
{Heap before GC invocations=9 (full 0):
 garbage-first heap   total 131072K, used 95947K [0x0000000080000000, 0x0000000100000000)
  region size 1024K, 74 young (75776K), 9 survivors (9216K)
 Metaspace       used 45739K, capacity 46789K, committed 46928K, reserved 1089536K
  class space    used 5806K, capacity 6213K, committed 6304K, reserved 1048576K
}
Event: 7.770 GC heap after
{Heap after GC invocations=10 (full 0):
 garbage-first heap   total 157696K, used 31453K [0x0000000080000000, 0x0000000100000000)
  region size 1024K, 9 young (9216K), 9 survivors (9216K)
 Metaspace       used 45739K, capacity 46789K, committed 46928K, reserved 1089536K
  class space    used 5806K, capacity 6213K, committed 6304K, reserved 1048576K
}
Event: 11.158 GC heap before
{Heap before GC invocations=10 (full 0):
 garbage-first heap   total 157696K, used 121565K [0x0000000080000000, 0x0000000100000000)
  region size 1024K, 92 young (94208K), 9 survivors (9216K)
 Metaspace       used 49224K, capacity 50584K, committed 50768K, reserved 1093632K
  class space    used 6221K, capacity 6747K, committed 6816K, reserved 1048576K
}
Event: 11.168 GC heap after
{Heap after GC invocations=11 (full 0):
 garbage-first heap   total 157696K, used 46320K [0x0000000080000000, 0x0000000100000000)
  region size 1024K, 12 young (12288K), 12 survivors (12288K)
 Metaspace       used 49224K, capacity 50584K, committed 50768K, reserved 1093632K
  class space    used 6221K, capacity 6747K, committed 6816K, reserved 1048576K
}
Event: 12.438 GC heap before
{Heap before GC invocations=11 (full 0):
 garbage-first heap   total 157696K, used 121072K [0x0000000080000000, 0x0000000100000000)
  region size 1024K, 83 young (84992K), 12 survivors (12288K)
 Metaspace       used 58065K, capacity 59571K, committed 59856K, reserved 1101824K
  class space    used 7261K, capacity 7852K, committed 7968K, reserved 1048576K
}
Event: 12.448 GC heap after
{Heap after GC invocations=12 (full 0):
 garbage-first heap   total 157696K, used 53667K [0x0000000080000000, 0x0000000100000000)
  region size 1024K, 5 young (5120K), 5 survivors (5120K)
 Metaspace       used 58065K, capacity 59571K, committed 59856K, reserved 1101824K
  class space    used 7261K, capacity 7852K, committed 7968K, reserved 1048576K
}
Event: 12.547 GC heap before
{Heap before GC invocations=12 (full 0):
 garbage-first heap   total 157696K, used 58787K [0x0000000080000000, 0x0000000100000000)
  region size 1024K, 11 young (11264K), 5 survivors (5120K)
 Metaspace       used 58870K, capacity 60402K, committed 60508K, reserved 1101824K
  class space    used 7355K, capacity 7932K, committed 7968K, reserved 1048576K
}
Event: 12.555 GC heap after
{Heap after GC invocations=13 (full 0):
 garbage-first heap   total 157696K, used 53667K [0x0000000080000000, 0x0000000100000000)
  region size 1024K, 5 young (5120K), 5 survivors (5120K)
 Metaspace       used 58870K, capacity 60402K, committed 60508K, reserved 1101824K
  class space    used 7355K, capacity 7932K, committed 7968K, reserved 1048576K
}
Event: 13.351 GC heap before
{Heap before GC invocations=14 (full 0):
 garbage-first heap   total 157696K, used 105891K [0x0000000080000000, 0x0000000100000000)
  region size 1024K, 57 young (58368K), 5 survivors (5120K)
 Metaspace       used 64611K, capacity 66176K, committed 66472K, reserved 1107968K
  class space    used 8071K, capacity 8703K, committed 8812K, reserved 1048576K
}
Event: 13.358 GC heap after
{Heap after GC invocations=15 (full 0):
 garbage-first heap   total 157696K, used 58113K [0x0000000080000000, 0x0000000100000000)
  region size 1024K, 5 young (5120K), 5 survivors (5120K)
 Metaspace       used 64611K, capacity 66176K, committed 66472K, reserved 1107968K
  class space    used 8071K, capacity 8703K, committed 8812K, reserved 1048576K
}
Event: 14.111 GC heap before
{Heap before GC invocations=15 (full 0):
 garbage-first heap   total 157696K, used 111361K [0x0000000080000000, 0x0000000100000000)
  region size 1024K, 57 young (58368K), 5 survivors (5120K)
 Metaspace       used 69038K, capacity 70642K, committed 70824K, reserved 1112064K
  class space    used 8635K, capacity 9262K, committed 9324K, reserved 1048576K
}
Event: 14.119 GC heap after
{Heap after GC invocations=16 (full 0):
 garbage-first heap   total 157696K, used 60818K [0x0000000080000000, 0x0000000100000000)
  region size 1024K, 3 young (3072K), 3 survivors (3072K)
 Metaspace       used 69038K, capacity 70642K, committed 70824K, reserved 1112064K
  class space    used 8635K, capacity 9262K, committed 9324K, reserved 1048576K
}
Event: 14.617 GC heap before
{Heap before GC invocations=16 (full 0):
 garbage-first heap   total 157696K, used 115090K [0x0000000080000000, 0x0000000100000000)
  region size 1024K, 56 young (57344K), 3 survivors (3072K)
 Metaspace       used 69793K, capacity 71473K, committed 71720K, reserved 1112064K
  class space    used 8726K, capacity 9368K, committed 9452K, reserved 1048576K
}
Event: 14.625 GC heap after
{Heap after GC invocations=17 (full 0):
 garbage-first heap   total 157696K, used 64999K [0x0000000080000000, 0x0000000100000000)
  region size 1024K, 7 young (7168K), 7 survivors (7168K)
 Metaspace       used 69793K, capacity 71473K, committed 71720K, reserved 1112064K
  class space    used 8726K, capacity 9368K, committed 9452K, reserved 1048576K
}
Event: 15.457 GC heap before
{Heap before GC invocations=17 (full 0):
 garbage-first heap   total 157696K, used 118247K [0x0000000080000000, 0x0000000100000000)
  region size 1024K, 59 young (60416K), 7 survivors (7168K)
 Metaspace       used 75359K, capacity 77005K, committed 77224K, reserved 1116160K
  class space    used 9616K, capacity 10284K, committed 10348K, reserved 1048576K
}
Event: 15.465 GC heap after
{Heap after GC invocations=18 (full 0):
 garbage-first heap   total 157696K, used 67652K [0x0000000080000000, 0x0000000100000000)
  region size 1024K, 3 young (3072K), 3 survivors (3072K)
 Metaspace       used 75359K, capacity 77005K, committed 77224K, reserved 1116160K
  class space    used 9616K, capacity 10284K, committed 10348K, reserved 1048576K
}
Event: 16.215 GC heap before
{Heap before GC invocations=18 (full 0):
 garbage-first heap   total 157696K, used 120900K [0x0000000080000000, 0x0000000100000000)
  region size 1024K, 55 young (56320K), 3 survivors (3072K)
 Metaspace       used 79912K, capacity 81723K, committed 81960K, reserved 1120256K
  class space    used 10243K, capacity 10961K, committed 10988K, reserved 1048576K
}
Event: 16.222 GC heap after
{Heap after GC invocations=19 (full 0):
 garbage-first heap   total 157696K, used 70522K [0x0000000080000000, 0x0000000100000000)
  region size 1024K, 6 young (6144K), 6 survivors (6144K)
 Metaspace       used 79912K, capacity 81723K, committed 81960K, reserved 1120256K
  class space    used 10243K, capacity 10961K, committed 10988K, reserved 1048576K
}

