# JRE version: OpenJDK Runtime Environment (11.0.13) (build 11.0.13+0-b1751.21-8125866)
# Java VM: OpenJDK 64-Bit Server VM (11.0.13+0-b1751.21-8125866, mixed mode, tiered, compressed oops, g1 gc, windows-amd64)
Heap:
 garbage-first heap   total 157696K, used 56600K [0x0000000080000000, 0x0000000100000000)
  region size 1024K, 6 young (6144K), 3 survivors (3072K)
 Metaspace       used 59149K, capacity 60615K, committed 60752K, reserved 1101824K
  class space    used 7420K, capacity 7982K, committed 8064K, reserved 1048576K
GC Heap History (18 events):
Event: 0.900 GC heap before
{Heap before GC invocations=0 (full 0):
 garbage-first heap   total 131072K, used 29696K [0x0000000080000000, 0x0000000100000000)
  region size 1024K, 24 young (24576K), 0 survivors (0K)
 Metaspace       used 10139K, capacity 10333K, committed 10624K, reserved 1058816K
  class space    used 1041K, capacity 1108K, committed 1152K, reserved 1048576K
}
Event: 0.906 GC heap after
{Heap after GC invocations=1 (full 0):
 garbage-first heap   total 131072K, used 9215K [0x0000000080000000, 0x0000000100000000)
  region size 1024K, 3 young (3072K), 3 survivors (3072K)
 Metaspace       used 10139K, capacity 10333K, committed 10624K, reserved 1058816K
  class space    used 1041K, capacity 1108K, committed 1152K, reserved 1048576K
}
Event: 1.813 GC heap before
{Heap before GC invocations=1 (full 0):
 garbage-first heap   total 131072K, used 66559K [0x0000000080000000, 0x0000000100000000)
  region size 1024K, 59 young (60416K), 3 survivors (3072K)
 Metaspace       used 13290K, capacity 13597K, committed 13952K, reserved 1060864K
  class space    used 1446K, capacity 1559K, committed 1664K, reserved 1048576K
}
Event: 1.822 GC heap after
{Heap after GC invocations=2 (full 0):
 garbage-first heap   total 131072K, used 15121K [0x0000000080000000, 0x0000000100000000)
  region size 1024K, 8 young (8192K), 8 survivors (8192K)
 Metaspace       used 13290K, capacity 13597K, committed 13952K, reserved 1060864K
  class space    used 1446K, capacity 1559K, committed 1664K, reserved 1048576K
}
Event: 3.608 GC heap before
{Heap before GC invocations=2 (full 0):
 garbage-first heap   total 131072K, used 65297K [0x0000000080000000, 0x0000000100000000)
  region size 1024K, 58 young (59392K), 8 survivors (8192K)
 Metaspace       used 20843K, capacity 21193K, committed 21296K, reserved 1069056K
  class space    used 2534K, capacity 2688K, committed 2688K, reserved 1048576K
}
Event: 3.619 GC heap after
{Heap after GC invocations=3 (full 0):
 garbage-first heap   total 131072K, used 17310K [0x0000000080000000, 0x0000000100000000)
  region size 1024K, 3 young (3072K), 3 survivors (3072K)
 Metaspace       used 20843K, capacity 21193K, committed 21296K, reserved 1069056K
  class space    used 2534K, capacity 2688K, committed 2688K, reserved 1048576K
}
Event: 4.417 GC heap before
{Heap before GC invocations=4 (full 0):
 garbage-first heap   total 131072K, used 78750K [0x0000000080000000, 0x0000000100000000)
  region size 1024K, 63 young (64512K), 3 survivors (3072K)
 Metaspace       used 26959K, capacity 27547K, committed 27776K, reserved 1073152K
  class space    used 3493K, capacity 3708K, committed 3712K, reserved 1048576K
}
Event: 4.423 GC heap after
{Heap after GC invocations=5 (full 0):
 garbage-first heap   total 131072K, used 19273K [0x0000000080000000, 0x0000000100000000)
  region size 1024K, 5 young (5120K), 5 survivors (5120K)
 Metaspace       used 26959K, capacity 27547K, committed 27776K, reserved 1073152K
  class space    used 3493K, capacity 3708K, committed 3712K, reserved 1048576K
}
Event: 5.556 GC heap before
{Heap before GC invocations=5 (full 0):
 garbage-first heap   total 131072K, used 74569K [0x0000000080000000, 0x0000000100000000)
  region size 1024K, 60 young (61440K), 5 survivors (5120K)
 Metaspace       used 35185K, capacity 35936K, committed 36048K, reserved 1081344K
  class space    used 4520K, capacity 4805K, committed 4864K, reserved 1048576K
}
Event: 5.567 GC heap after
{Heap after GC invocations=6 (full 0):
 garbage-first heap   total 131072K, used 22708K [0x0000000080000000, 0x0000000100000000)
  region size 1024K, 8 young (8192K), 8 survivors (8192K)
 Metaspace       used 35185K, capacity 35936K, committed 36048K, reserved 1081344K
  class space    used 4520K, capacity 4805K, committed 4864K, reserved 1048576K
}
Event: 6.518 GC heap before
{Heap before GC invocations=7 (full 0):
 garbage-first heap   total 131072K, used 93364K [0x0000000080000000, 0x0000000100000000)
  region size 1024K, 75 young (76800K), 8 survivors (8192K)
 Metaspace       used 40579K, capacity 41583K, committed 41808K, reserved 1085440K
  class space    used 5125K, capacity 5486K, committed 5504K, reserved 1048576K
}
Event: 6.531 GC heap after
{Heap after GC invocations=8 (full 0):
 garbage-first heap   total 157696K, used 28045K [0x0000000080000000, 0x0000000100000000)
  region size 1024K, 9 young (9216K), 9 survivors (9216K)
 Metaspace       used 40579K, capacity 41583K, committed 41808K, reserved 1085440K
  class space    used 5125K, capacity 5486K, committed 5504K, reserved 1048576K
}
Event: 7.452 GC heap before
{Heap before GC invocations=8 (full 0):
 garbage-first heap   total 157696K, used 105869K [0x0000000080000000, 0x0000000100000000)
  region size 1024K, 85 young (87040K), 9 survivors (9216K)
 Metaspace       used 46914K, capacity 48108K, committed 48464K, reserved 1091584K
  class space    used 5962K, capacity 6417K, committed 6528K, reserved 1048576K
}
Event: 7.464 GC heap after
{Heap after GC invocations=9 (full 0):
 garbage-first heap   total 157696K, used 30911K [0x0000000080000000, 0x0000000100000000)
  region size 1024K, 9 young (9216K), 9 survivors (9216K)
 Metaspace       used 46914K, capacity 48108K, committed 48464K, reserved 1091584K
  class space    used 5962K, capacity 6417K, committed 6528K, reserved 1048576K
}
Event: 8.724 GC heap before
{Heap before GC invocations=9 (full 0):
 garbage-first heap   total 157696K, used 123071K [0x0000000080000000, 0x0000000100000000)
  region size 1024K, 92 young (94208K), 9 survivors (9216K)
 Metaspace       used 50468K, capacity 51916K, committed 52048K, reserved 1093632K
  class space    used 6381K, capacity 6919K, committed 7040K, reserved 1048576K
}
Event: 8.739 GC heap after
{Heap after GC invocations=10 (full 0):
 garbage-first heap   total 157696K, used 50255K [0x0000000080000000, 0x0000000100000000)
  region size 1024K, 12 young (12288K), 12 survivors (12288K)
 Metaspace       used 50468K, capacity 51916K, committed 52048K, reserved 1093632K
  class space    used 6381K, capacity 6919K, committed 7040K, reserved 1048576K
}
Event: 9.746 GC heap before
{Heap before GC invocations=10 (full 0):
 garbage-first heap   total 157696K, used 110671K [0x0000000080000000, 0x0000000100000000)
  region size 1024K, 72 young (73728K), 12 survivors (12288K)
 Metaspace       used 58915K, capacity 60369K, committed 60496K, reserved 1101824K
  class space    used 7373K, capacity 7941K, committed 8064K, reserved 1048576K
}
Event: 9.767 GC heap after
{Heap after GC invocations=11 (full 0):
 garbage-first heap   total 157696K, used 54552K [0x0000000080000000, 0x0000000100000000)
  region size 1024K, 3 young (3072K), 3 survivors (3072K)
 Metaspace       used 58915K, capacity 60369K, committed 60496K, reserved 1101824K
  class space    used 7373K, capacity 7941K, committed 8064K, reserved 1048576K
}

